app/build/intermediates/manifest_merge_blame_file/debug/manifest-merger-blame-debug-report.txt
1<?xml version="1.0" encoding="utf-8"?>
2<manifest xmlns:android="http://schemas.android.com/apk/res/android"
3    package="com.adtex.NeuromascularMonitor"
4    android:versionCode="21"
5    android:versionName="2.8" >
6
7    <uses-sdk
8        android:minSdkVersion="18"
8-->src\main\AndroidManifest.xml
9        android:targetSdkVersion="28" />
9-->src\main\AndroidManifest.xml
10
11    <uses-permission android:name="android.permission.WRITE_EXTERNAL_STORAGE" />
11-->src\main\AndroidManifest.xml:7:5-81
11-->src\main\AndroidManifest.xml:7:22-78
12    <uses-permission android:name="android.permission.BLUETOOTH" />
12-->src\main\AndroidManifest.xml:8:5-68
12-->src\main\AndroidManifest.xml:8:22-65
13    <uses-permission android:name="android.permission.BLUETOOTH_ADMIN" />
13-->src\main\AndroidManifest.xml:9:5-74
13-->src\main\AndroidManifest.xml:9:22-71
14    <uses-permission android:name="android.permission.ACCESS_COARSE_LOCATION" />
14-->src\main\AndroidManifest.xml:10:5-81
14-->src\main\AndroidManifest.xml:10:22-78
15    <uses-permission android:name="android.permission.ACCESS_FINE_LOCATION" />
15-->src\main\AndroidManifest.xml:11:5-79
15-->src\main\AndroidManifest.xml:11:22-76
16    <uses-permission android:name="android.permission.VIBRATE" />
16-->src\main\AndroidManifest.xml:12:5-66
16-->src\main\AndroidManifest.xml:12:22-63
17
18    <application
18-->src\main\AndroidManifest.xml:14:5-56:19
19        android:allowBackup="true"
19-->src\main\AndroidManifest.xml:15:9-35
20        android:appComponentFactory="androidx.core.app.CoreComponentFactory"
20-->[androidx.core:core:1.1.0] AndroidManifest.xml:24:18-86
21        android:debuggable="true"
22        android:icon="@mipmap/ic_launcher"
22-->src\main\AndroidManifest.xml:16:9-43
23        android:label="@string/app_name"
23-->src\main\AndroidManifest.xml:17:9-41
24        android:testOnly="true"
25        android:theme="@style/my_theme" >
25-->src\main\AndroidManifest.xml:18:9-40
26        <activity
26-->src\main\AndroidManifest.xml:19:9-38:20
27            android:name="com.adtex.NeuromusclarMonitor.MainActivity"
27-->src\main\AndroidManifest.xml:20:13-41
28            android:configChanges="orientation|keyboardHidden|screenSize"
28-->src\main\AndroidManifest.xml:21:13-74
29            android:label="@string/app_name"
29-->src\main\AndroidManifest.xml:22:13-45
30            android:launchMode="singleTask" >
30-->src\main\AndroidManifest.xml:23:13-44
31            <intent-filter>
31-->src\main\AndroidManifest.xml:24:13-28:29
32                <action android:name="android.intent.action.MAIN" />
32-->src\main\AndroidManifest.xml:25:17-69
32-->src\main\AndroidManifest.xml:25:25-66
33
34                <category android:name="android.intent.category.LAUNCHER" />
34-->src\main\AndroidManifest.xml:27:17-77
34-->src\main\AndroidManifest.xml:27:27-74
35            </intent-filter>
36            <intent-filter>
36-->src\main\AndroidManifest.xml:29:13-31:29
37                <action android:name="android.hardware.usb.action.USB_DEVICE_ATTACHED" />
37-->src\main\AndroidManifest.xml:30:17-90
37-->src\main\AndroidManifest.xml:30:25-87
38            </intent-filter>
39
40            <meta-data
40-->src\main\AndroidManifest.xml:33:13-35:57
41                android:name="android.hardware.usb.action.USB_DEVICE_ATTACHED"
41-->src\main\AndroidManifest.xml:34:17-79
42                android:resource="@xml/device_filter" />
42-->src\main\AndroidManifest.xml:35:17-54
43        </activity>
44        <activity android:name="com.adtex.NeuromusclarMonitor.Settings" />
44-->src\main\AndroidManifest.xml:39:9-46
44-->src\main\AndroidManifest.xml:39:19-43
45        <activity android:name="com.adtex.NeuromusclarMonitor.Settings2" />
45-->src\main\AndroidManifest.xml:40:9-47
45-->src\main\AndroidManifest.xml:40:19-44
46        <activity android:name="com.adtex.NeuromusclarMonitor.SettingBLE" />
46-->src\main\AndroidManifest.xml:41:9-48
46-->src\main\AndroidManifest.xml:41:19-45
47        <activity android:name="com.adtex.NeuromusclarMonitor.SettingFilter" />
47-->src\main\AndroidManifest.xml:42:9-51
47-->src\main\AndroidManifest.xml:42:19-48
48        <activity android:name="com.adtex.NeuromusclarMonitor.SettingFont" />
48-->src\main\AndroidManifest.xml:43:9-49
48-->src\main\AndroidManifest.xml:43:19-46
49        <activity android:name="com.adtex.NeuromusclarMonitor.SettingGraph" />
49-->src\main\AndroidManifest.xml:44:9-50
49-->src\main\AndroidManifest.xml:44:19-47
50        <activity android:name="com.adtex.NeuromusclarMonitor.SettingPulse" />
50-->src\main\AndroidManifest.xml:45:9-50
50-->src\main\AndroidManifest.xml:45:19-47
51        <activity android:name="com.adtex.NeuromusclarMonitor.SettingPulseRate" />
51-->src\main\AndroidManifest.xml:46:9-54
51-->src\main\AndroidManifest.xml:46:19-51
52        <activity android:name="com.adtex.NeuromusclarMonitor.SettingCorrection" />
52-->src\main\AndroidManifest.xml:47:9-55
52-->src\main\AndroidManifest.xml:47:19-52
53        <activity
53-->src\main\AndroidManifest.xml:48:9-51:59
54            android:name="com.adtex.NeuromusclarMonitor.DeviceListActivity"
54-->src\main\AndroidManifest.xml:49:13-47
55            android:label="@string/app_name"
55-->src\main\AndroidManifest.xml:50:13-45
56            android:theme="@android:style/Theme.Dialog" />
56-->src\main\AndroidManifest.xml:51:13-56
57
58        <service
58-->src\main\AndroidManifest.xml:53:9-55:38
59            android:name="com.adtex.NeuromusclarMonitor.UartService"
59-->src\main\AndroidManifest.xml:54:13-40
60            android:enabled="true" />
60-->src\main\AndroidManifest.xml:55:13-35
61
62        <activity
62-->[com.google.android.gms:play-services-base:17.0.0] AndroidManifest.xml:23:9-26:75
63            android:name="com.google.android.gms.common.api.GoogleApiActivity"
63-->[com.google.android.gms:play-services-base:17.0.0] AndroidManifest.xml:24:13-79
64            android:exported="false"
64-->[com.google.android.gms:play-services-base:17.0.0] AndroidManifest.xml:25:13-37
65            android:theme="@android:style/Theme.Translucent.NoTitleBar" />
65-->[com.google.android.gms:play-services-base:17.0.0] AndroidManifest.xml:26:13-72
66
67        <meta-data
67-->[com.google.android.gms:play-services-basement:17.0.0] AndroidManifest.xml:23:9-25:69
68            android:name="com.google.android.gms.version"
68-->[com.google.android.gms:play-services-basement:17.0.0] AndroidManifest.xml:24:13-58
69            android:value="@integer/google_play_services_version" />
69-->[com.google.android.gms:play-services-basement:17.0.0] AndroidManifest.xml:25:13-66
70    </application>
71
72</manifest>